<?xml version="1.0" encoding="utf-8"?><testsuites name="pytest tests"><testsuite name="pytest" errors="0" failures="0" skipped="0" tests="59" time="10.300" timestamp="2026-09-06T20:40:03.945044+09:00" hostname="Damon"><testcase classname="tests.test_advancement" name="test_actual_2025_counts_and_rates" time="0.016" /><testcase classname="tests.test_advancement" name="test_actual_2026_redirect_cannot_become_2026_observation" time="0.015" /><testcase classname="tests.test_advancement" name="test_missing_table_is_not_zero" time="0.001" /><testcase classname="tests.test_advancement" name="test_official_no_data_message_is_not_a_transport_error" time="0.002" /><testcase classname="tests.test_advancement" name="test_shrinkage_small_sample" time="0.001" /><testcase classname="tests.test_advancement" name="test_weights_are_calendar_offsets_and_renormalize_missing" time="0.002" /><testcase classname="tests.test_advancement" name="test_percentiles_ties_and_population_baseline" time="0.058" /><testcase classname="tests.test_advancement" name="test_single_year_warning_and_closed_school_not_ranked" time="0.061" /><testcase classname="tests.test_advancement" name="test_duplicate_school_year_rejected" time="0.016" /><testcase classname="tests.test_advancement" name="test_reviewed_csv_rejects_inconsistent_counts_and_preserves_original" time="0.250" /><testcase classname="tests.test_advancement" name="test_zero_graduates_does_not_produce_infinite_rate" time="0.017" /><testcase classname="tests.test_advancement" name="test_failed_refresh_preserves_valid_and_reviewed_records" time="0.219" /><testcase classname="tests.test_phase4_school_zone" name="test_parse_single_tong" time="0.003" /><testcase classname="tests.test_phase4_school_zone" name="test_parse_tong_range" time="0.001" /><testcase classname="tests.test_phase4_school_zone" name="test_parse_ban_range" time="0.002" /><testcase classname="tests.test_phase4_school_zone" name="test_parse_apartment_parentheses" time="0.001" /><testcase classname="tests.test_phase4_school_zone" name="test_parse_multiple_apartments" time="0.001" /><testcase classname="tests.test_phase4_school_zone" name="test_keep_raw_text" time="0.001" /><testcase classname="tests.test_phase4_school_zone" name="test_partial_parse_flag" time="0.001" /><testcase classname="tests.test_phase4_school_zone" name="test_manual_review_flag" time="0.001" /><testcase classname="tests.test_phase4_school_zone" name="test_school_group_many_to_many" time="0.014" /><testcase classname="tests.test_phase4_school_zone" name="test_data_year_mismatch" time="0.002" /><testcase classname="tests.test_phase4_school_zone" name="test_centum_elementary_fixture" time="0.025" /><testcase classname="tests.test_phase5" name="test_complex_name_normalization" time="0.004" /><testcase classname="tests.test_phase5" name="test_complex_name_phase_variants" time="0.001" /><testcase classname="tests.test_phase5" name="test_unique_name_address_match" time="0.001" /><testcase classname="tests.test_phase5" name="test_same_name_multiple_candidates" time="0.001" /><testcase classname="tests.test_phase5" name="test_fuzzy_name_not_auto_confirmed" time="0.002" /><testcase classname="tests.test_phase5" name="test_contextual_match_requires_evidence" time="0.001" /><testcase classname="tests.test_phase5" name="test_manual_override_priority" time="0.123" /><testcase classname="tests.test_phase5" name="test_address_support_required" time="0.001" /><testcase classname="tests.test_phase5" name="test_distance_not_assignment_evidence" time="0.116" /><testcase classname="tests.test_phase5" name="test_spatial_outlier" time="0.103" /><testcase classname="tests.test_phase5" name="test_500_household_filter_only_view" time="0.003" /><testcase classname="tests.test_phase5" name="test_group_only_not_exact" time="0.010" /><testcase classname="tests.test_phase5" name="test_conditional_not_guaranteed_not_exact" time="0.011" /><testcase classname="tests.test_phase5" name="test_middle_score_join_does_not_imply_assignment" time="0.012" /><testcase classname="tests.test_phase5" name="test_centum_elementary_apartment_fixture" time="0.002" /><testcase classname="tests.test_phase5" name="test_centum_middle_not_hardcoded" time="0.021" /><testcase classname="tests.test_phase5" name="test_override_missing_evidence_rejected" time="0.003" /><testcase classname="tests.test_phase5" name="test_alias_is_not_confirmed" time="0.003" /><testcase classname="tests.test_phase5" name="test_override_missing_target_rejected" time="0.013" /><testcase classname="tests.test_phase5" name="test_all_seven_reviews_preserved" time="0.005" /><testcase classname="tests.test_phase5" name="test_no_viable_candidate_has_no_selected_id" time="0.117" /><testcase classname="tests.test_phase5" name="test_override_without_auto_candidate_and_refresh_fields" time="0.168" /><testcase classname="tests.test_phase5" name="test_conflicting_overrides_fail_closed" time="0.008" /><testcase classname="tests.test_phase5" name="test_year_mismatch_rejected" time="0.001" /><testcase classname="tests.test_phase5" name="test_streamlit_validation_screen" time="2.851" /><testcase classname="tests.test_school_collection" name="test_complete_collection_and_cache_reuse_without_key" time="0.983" /><testcase classname="tests.test_school_collection" name="test_partial_failure_preserves_published_output" time="1.669" /><testcase classname="tests.test_school_collection" name="test_historical_collection_never_downloads_current_data" time="0.052" /><testcase classname="tests.test_school_collection" name="test_tampered_cache_rejected" time="0.888" /><testcase classname="tests.test_school_collection" name="test_live_schema_and_scope_must_match[change0]" time="0.002" /><testcase classname="tests.test_school_collection" name="test_live_schema_and_scope_must_match[change1]" time="0.002" /><testcase classname="tests.test_school_collection" name="test_live_schema_and_scope_must_match[change2]" time="0.002" /><testcase classname="tests.test_school_collection" name="test_missing_fields_are_not_invented" time="0.004" /><testcase classname="tests.test_school_collection" name="test_http_exception_does_not_leak_key" time="0.002" /><testcase classname="tests.test_school_collection" name="test_geocode_caches_shared_address_and_preserves_provenance" time="0.766" /><testcase classname="tests.test_school_collection" name="test_geocode_failure_is_cached_and_reported" time="0.585" /></testsuite></testsuites>