<?xml version="1.0" encoding="utf-8"?><testsuites name="pytest tests"><testsuite name="pytest" errors="0" failures="1" skipped="0" tests="136" time="13.343" timestamp="2026-09-08T17:07:28.010177+09:00" hostname="Damon"><testcase classname="tests.test_advancement" name="test_actual_2025_counts_and_rates" time="0.017" /><testcase classname="tests.test_advancement" name="test_actual_2026_redirect_cannot_become_2026_observation" time="0.015" /><testcase classname="tests.test_advancement" name="test_missing_table_is_not_zero" time="0.001" /><testcase classname="tests.test_advancement" name="test_official_no_data_message_is_not_a_transport_error" time="0.002" /><testcase classname="tests.test_advancement" name="test_shrinkage_small_sample" time="0.001" /><testcase classname="tests.test_advancement" name="test_weights_are_calendar_offsets_and_renormalize_missing" time="0.001" /><testcase classname="tests.test_advancement" name="test_percentiles_ties_and_population_baseline" time="0.068" /><testcase classname="tests.test_advancement" name="test_single_year_warning_and_closed_school_not_ranked" time="0.055" /><testcase classname="tests.test_advancement" name="test_duplicate_school_year_rejected" time="0.015" /><testcase classname="tests.test_advancement" name="test_reviewed_csv_rejects_inconsistent_counts_and_preserves_original" time="0.177" /><testcase classname="tests.test_advancement" name="test_zero_graduates_does_not_produce_infinite_rate" time="0.015" /><testcase classname="tests.test_advancement" name="test_failed_refresh_preserves_valid_and_reviewed_records" time="0.189" /><testcase classname="tests.test_phase4_school_zone" name="test_parse_single_tong" time="0.002" /><testcase classname="tests.test_phase4_school_zone" name="test_parse_tong_range" time="0.001" /><testcase classname="tests.test_phase4_school_zone" name="test_parse_ban_range" time="0.001" /><testcase classname="tests.test_phase4_school_zone" name="test_parse_apartment_parentheses" time="0.002" /><testcase classname="tests.test_phase4_school_zone" name="test_parse_multiple_apartments" time="0.001" /><testcase classname="tests.test_phase4_school_zone" name="test_keep_raw_text" time="0.001" /><testcase classname="tests.test_phase4_school_zone" name="test_partial_parse_flag" time="0.002" /><testcase classname="tests.test_phase4_school_zone" name="test_manual_review_flag" time="0.001" /><testcase classname="tests.test_phase4_school_zone" name="test_school_group_many_to_many" time="0.016" /><testcase classname="tests.test_phase4_school_zone" name="test_data_year_mismatch" time="0.002" /><testcase classname="tests.test_phase4_school_zone" name="test_centum_elementary_fixture" time="0.024" /><testcase classname="tests.test_phase5" name="test_complex_name_normalization" time="0.004" /><testcase classname="tests.test_phase5" name="test_complex_name_phase_variants" time="0.002" /><testcase classname="tests.test_phase5" name="test_unique_name_address_match" time="0.001" /><testcase classname="tests.test_phase5" name="test_same_name_multiple_candidates" time="0.001" /><testcase classname="tests.test_phase5" name="test_fuzzy_name_not_auto_confirmed" time="0.001" /><testcase classname="tests.test_phase5" name="test_contextual_match_requires_evidence" time="0.001" /><testcase classname="tests.test_phase5" name="test_manual_override_priority" time="0.117" /><testcase classname="tests.test_phase5" name="test_address_support_required" time="0.001" /><testcase classname="tests.test_phase5" name="test_distance_not_assignment_evidence" time="0.117" /><testcase classname="tests.test_phase5" name="test_spatial_outlier" time="0.116" /><testcase classname="tests.test_phase5" name="test_500_household_filter_only_view" time="0.003" /><testcase classname="tests.test_phase5" name="test_group_only_not_exact" time="0.012" /><testcase classname="tests.test_phase5" name="test_conditional_not_guaranteed_not_exact" time="0.010" /><testcase classname="tests.test_phase5" name="test_middle_score_join_does_not_imply_assignment" time="0.012" /><testcase classname="tests.test_phase5" name="test_centum_elementary_apartment_fixture" time="0.002" /><testcase classname="tests.test_phase5" name="test_centum_middle_not_hardcoded" time="0.022" /><testcase classname="tests.test_phase5" name="test_override_missing_evidence_rejected" time="0.003" /><testcase classname="tests.test_phase5" name="test_alias_is_not_confirmed" time="0.002" /><testcase classname="tests.test_phase5" name="test_override_missing_target_rejected" time="0.014" /><testcase classname="tests.test_phase5" name="test_all_seven_reviews_preserved" time="0.005" /><testcase classname="tests.test_phase5" name="test_no_viable_candidate_has_no_selected_id" time="0.094" /><testcase classname="tests.test_phase5" name="test_override_without_auto_candidate_and_refresh_fields" time="0.098" /><testcase classname="tests.test_phase5" name="test_conflicting_overrides_fail_closed" time="0.005" /><testcase classname="tests.test_phase5" name="test_year_mismatch_rejected" time="0.002" /><testcase classname="tests.test_phase5" name="test_streamlit_validation_screen" time="2.411" /><testcase classname="tests.test_phase6" name="test_tong_discrete_list" time="0.002" /><testcase classname="tests.test_phase6" name="test_tong_range_exclusion" time="0.002" /><testcase classname="tests.test_phase6" name="test_ban_range_exclusion" time="0.002" /><testcase classname="tests.test_phase6" name="test_lot_number" time="0.002" /><testcase classname="tests.test_phase6" name="test_lot_range" time="0.002" /><testcase classname="tests.test_phase6" name="test_lot_exclusion" time="0.002" /><testcase classname="tests.test_phase6" name="test_boundary_exclude_priority" time="0.004" /><testcase classname="tests.test_phase6" name="test_parenthesisless_apartment_clause" time="0.002" /><testcase classname="tests.test_phase6" name="test_parenthesisless_ambiguous_review" time="0.001" /><testcase classname="tests.test_phase6" name="test_brand_alias_not_confirmation" time="0.002" /><testcase classname="tests.test_phase6" name="test_phase_difference" time="0.003" /><testcase classname="tests.test_phase6" name="test_school_name_to_id" time="0.004" /><testcase classname="tests.test_phase6" name="test_duplicate_school_name" time="0.004" /><testcase classname="tests.test_phase6" name="test_school_id_score_join" time="0.008" /><testcase classname="tests.test_phase6" name="test_school_name_not_score_join" time="0.004" /><testcase classname="tests.test_phase6" name="test_pdf_header_detection" time="0.002" /><testcase classname="tests.test_phase6" name="test_pdf_dynamic_column_order" time="0.005" /><testcase classname="tests.test_phase6" name="test_pdf_unknown_structure_review" time="0.003" /><testcase classname="tests.test_phase6" name="test_school_group_year_unknown" time="0.002" /><testcase classname="tests.test_phase6" name="test_group_membership_not_exact" time="0.003" /><testcase classname="tests.test_phase6" name="test_office_adapter_interface" time="0.003" /><testcase classname="tests.test_phase6" name="test_five_office_fixture" time="0.003" /><testcase classname="tests.test_phase6" name="test_historical_address_flag" time="0.004" /><testcase classname="tests.test_phase6" name="test_spatial_admin_validation" time="0.004" /><testcase classname="tests.test_phase6" name="test_school_year_detection" time="0.003" /><testcase classname="tests.test_phase6" name="test_admin_legal_crosswalk" time="0.973" /><testcase classname="tests.test_phase6" name="test_admin_legal_many_to_many" time="0.077" /><testcase classname="tests.test_phase65" name="test_missing_coordinate_classification" time="0.011" /><testcase classname="tests.test_phase65" name="test_reuse_existing_coordinates" time="0.016" /><testcase classname="tests.test_phase65" name="test_coordinate_cache" time="0.080" /><testcase classname="tests.test_phase65" name="test_failed_coordinate_cache_requires_retry" time="0.073" /><testcase classname="tests.test_phase65" name="test_road_address_priority" time="0.010" /><testcase classname="tests.test_phase65" name="test_lot_address_fallback" time="0.002" /><testcase classname="tests.test_phase65" name="test_name_address_fallback_review" time="0.002" /><testcase classname="tests.test_phase65" name="test_geocode_sigungu_validation" time="0.003" /><testcase classname="tests.test_phase65" name="test_geocode_legal_dong_validation" time="0.002" /><testcase classname="tests.test_phase65" name="test_outside_busan_rejected" time="0.002" /><testcase classname="tests.test_phase65" name="test_spatial_admin_conflict" time="0.002" /><testcase classname="tests.test_phase65" name="test_duplicate_coordinate_review" time="0.012" /><testcase classname="tests.test_phase65" name="test_500_household_priority" time="0.010" /><testcase classname="tests.test_phase65" name="test_missing_coordinate_official_direct_preserved" time="0.005" /><testcase classname="tests.test_phase65" name="test_boundary_match_many_to_many" time="0.006" /><testcase classname="tests.test_phase65" name="test_coordinate_evidence_merge" time="0.005" /><testcase classname="tests.test_phase65" name="test_low_confidence_not_auto_confirmed" time="0.002" /><testcase classname="tests.test_phase7" name="test_assignment_weight_order" time="0.009" /><testcase classname="tests.test_phase7" name="test_exact_higher_than_group" time="0.049" /><testcase classname="tests.test_phase7" name="test_group_only_not_guaranteed" time="0.002" /><testcase classname="tests.test_phase7" name="test_weighted_middle_score" time="0.031" /><testcase classname="tests.test_phase7" name="test_worst_score_penalty" time="0.064" /><testcase classname="tests.test_phase7" name="test_feeder_exclusivity" time="0.040" /><testcase classname="tests.test_phase7" name="test_multiple_middle_uncertainty" time="0.061" /><testcase classname="tests.test_phase7" name="test_single_exact_feeder" time="0.031" /><testcase classname="tests.test_phase7" name="test_best_score_bias_prevention" time="0.061" /><testcase classname="tests.test_phase7" name="test_shared_catchment" time="0.016" /><testcase classname="tests.test_phase7" name="test_elementary_accessibility" time="0.005" /><testcase classname="tests.test_phase7" name="test_apartment_school_score" time="0.015" /><testcase classname="tests.test_phase7" name="test_score_range_0_100" time="0.015" /><testcase classname="tests.test_phase7" name="test_school_score_percentile" time="0.017" /><testcase classname="tests.test_phase7" name="test_500plus_ranking" time="0.011" /><testcase classname="tests.test_phase7" name="test_manual_review_excluded" time="0.016" /><testcase classname="tests.test_phase7" name="test_middle_sample_warning" time="0.050" /><testcase classname="tests.test_phase7" name="test_sensitivity_scenarios" time="0.013" /><testcase classname="tests.test_phase7" name="test_rank_robustness" time="0.010" /><testcase classname="tests.test_phase7" name="test_centum_relation_not_upgraded" time="0.009" /><testcase classname="tests.test_phase7" name="test_relation_normalization_closed_set" time="0.001" /><testcase classname="tests.test_phase7" name="test_output_preserves_apartment_interface" time="0.014" /><testcase classname="tests.test_phase7" name="test_original_middle_score_unchanged" time="0.016" /><testcase classname="tests.test_phase7" name="test_phase7_dashboard_pages" time="1.494" /><testcase classname="tests.test_phase7" name="test_bukbu_2026_intake_excludes_transfer_candidates" time="0.294" /><testcase classname="tests.test_phase7" name="test_bukbu_2026_gender_union" time="0.333" /><testcase classname="tests.test_phase7" name="test_seobu_2026_known_relation" time="0.305" /><testcase classname="tests.test_phase7" name="test_assignment_2026_version_isolated" time="0.013" /><testcase classname="tests.test_phase7" name="test_assignment_2026_output_interface" time="0.018" /><testcase classname="tests.test_phase7" name="test_assignment_2026_named_middle_ids_resolved" time="0.008" /><testcase classname="tests.test_school_collection" name="test_complete_collection_and_cache_reuse_without_key" time="0.864" /><testcase classname="tests.test_school_collection" name="test_partial_failure_preserves_published_output" time="0.986"><failure message="PermissionError: [WinError 5] 액세스가 거부되었습니다: 'D:\\90.invest\\80.데이터수집\\아파트정보수집\\kapt\\busan_school_analysis\\reports\\phase7_manual_full_tmp\\test_partial_failure_preserves0\\data\\raw\\schoolinfo\\2026\\26440_02.meta.json.tmp' -&gt; 'D:\\90.invest\\80.데이터수집\\아파트정보수집\\kapt\\busan_school_analysis\\reports\\phase7_manual_full_tmp\\test_partial_failure_preserves0\\data\\raw\\schoolinfo\\2026\\26440_02.meta.json'">project = WindowsPath('D:/90.invest/80.데이터수집/아파트정보수집/kapt/busan_school_analysis/reports/phase7_manual_full_tmp/test_partial_failure_preserves0')

    def test_partial_failure_preserves_published_output(project):
        year = datetime.now().year
        collect_schools(year, root=project, session=Schools())
        output = project / 'data/processed/schools.parquet'
        before = output.read_bytes()
        with pytest.raises(ValueError, match='incomplete'):
&gt;           collect_schools(year, root=project, session=Schools(fail=2), force=True)

tests\test_school_collection.py:78: 
_ _ _ _ _ _ _ _ _ _ _ _ _ _ _ _ _ _ _ _ _ _ _ _ _ _ _ _ _ _ _ _ _ _ _ _ _ _ _ _
src\collect_schoolinfo.py:77: in collect_schools
    write_json(meta_path, meta)
src\config.py:36: in write_json
    atomic_bytes(path, json.dumps(value, ensure_ascii=False, indent=2).encode('utf-8'))
src\config.py:32: in atomic_bytes
    temporary.replace(path)
_ _ _ _ _ _ _ _ _ _ _ _ _ _ _ _ _ _ _ _ _ _ _ _ _ _ _ _ _ _ _ _ _ _ _ _ _ _ _ _

self = WindowsPath('D:/90.invest/80.데이터수집/아파트정보수집/kapt/busan_school_analysis/reports/phase7_manual_full_tmp/test_partial_failure_preserves0/data/raw/schoolinfo/2026/26440_02.meta.json.tmp')
target = WindowsPath('D:/90.invest/80.데이터수집/아파트정보수집/kapt/busan_school_analysis/reports/phase7_manual_full_tmp/test_partial_failure_preserves0/data/raw/schoolinfo/2026/26440_02.meta.json')

    def replace(self, target):
        """
        Rename this path to the target path, overwriting if that path exists.
    
        The target path may be absolute or relative. Relative paths are
        interpreted relative to the current working directory, *not* the
        directory of the Path object.
    
        Returns the new Path instance pointing to the target path.
        """
&gt;       os.replace(self, target)
E       PermissionError: [WinError 5] 액세스가 거부되었습니다: 'D:\\90.invest\\80.데이터수집\\아파트정보수집\\kapt\\busan_school_analysis\\reports\\phase7_manual_full_tmp\\test_partial_failure_preserves0\\data\\raw\\schoolinfo\\2026\\26440_02.meta.json.tmp' -&gt; 'D:\\90.invest\\80.데이터수집\\아파트정보수집\\kapt\\busan_school_analysis\\reports\\phase7_manual_full_tmp\\test_partial_failure_preserves0\\data\\raw\\schoolinfo\\2026\\26440_02.meta.json'

C:\Users\정민철\AppData\Local\Programs\Python\Python313\Lib\pathlib\_local.py:780: PermissionError</failure></testcase><testcase classname="tests.test_school_collection" name="test_historical_collection_never_downloads_current_data" time="0.028" /><testcase classname="tests.test_school_collection" name="test_tampered_cache_rejected" time="0.828" /><testcase classname="tests.test_school_collection" name="test_live_schema_and_scope_must_match[change0]" time="0.002" /><testcase classname="tests.test_school_collection" name="test_live_schema_and_scope_must_match[change1]" time="0.003" /><testcase classname="tests.test_school_collection" name="test_live_schema_and_scope_must_match[change2]" time="0.003" /><testcase classname="tests.test_school_collection" name="test_missing_fields_are_not_invented" time="0.004" /><testcase classname="tests.test_school_collection" name="test_http_exception_does_not_leak_key" time="0.003" /><testcase classname="tests.test_school_collection" name="test_geocode_caches_shared_address_and_preserves_provenance" time="0.509" /><testcase classname="tests.test_school_collection" name="test_geocode_failure_is_cached_and_reported" time="0.513" /><testcase classname="tests.test_schoolzone" name="test_schoolzone_collector_writes_and_verifies_cache" time="0.054" /><testcase classname="tests.test_schoolzone" name="test_schoolzone_internal_id_uses_unique_name_across_office_boundary" time="0.012" /><testcase classname="tests.test_schoolzone" name="test_schoolzone_boundary_match_preserves_shared_school_relations" time="0.056" /></testsuite></testsuites>