<?xml version="1.0" encoding="utf-8"?><testsuites name="pytest tests"><testsuite name="pytest" errors="0" failures="0" skipped="0" tests="89" time="10.081" timestamp="2026-09-07T09:40:20.850780+09:00" hostname="Damon"><testcase classname="tests.test_advancement" name="test_actual_2025_counts_and_rates" time="0.019" /><testcase classname="tests.test_advancement" name="test_actual_2026_redirect_cannot_become_2026_observation" time="0.016" /><testcase classname="tests.test_advancement" name="test_missing_table_is_not_zero" time="0.001" /><testcase classname="tests.test_advancement" name="test_official_no_data_message_is_not_a_transport_error" time="0.002" /><testcase classname="tests.test_advancement" name="test_shrinkage_small_sample" time="0.001" /><testcase classname="tests.test_advancement" name="test_weights_are_calendar_offsets_and_renormalize_missing" time="0.002" /><testcase classname="tests.test_advancement" name="test_percentiles_ties_and_population_baseline" time="0.064" /><testcase classname="tests.test_advancement" name="test_single_year_warning_and_closed_school_not_ranked" time="0.063" /><testcase classname="tests.test_advancement" name="test_duplicate_school_year_rejected" time="0.016" /><testcase classname="tests.test_advancement" name="test_reviewed_csv_rejects_inconsistent_counts_and_preserves_original" time="0.172" /><testcase classname="tests.test_advancement" name="test_zero_graduates_does_not_produce_infinite_rate" time="0.014" /><testcase classname="tests.test_advancement" name="test_failed_refresh_preserves_valid_and_reviewed_records" time="0.183" /><testcase classname="tests.test_phase4_school_zone" name="test_parse_single_tong" time="0.003" /><testcase classname="tests.test_phase4_school_zone" name="test_parse_tong_range" time="0.002" /><testcase classname="tests.test_phase4_school_zone" name="test_parse_ban_range" time="0.002" /><testcase classname="tests.test_phase4_school_zone" name="test_parse_apartment_parentheses" time="0.002" /><testcase classname="tests.test_phase4_school_zone" name="test_parse_multiple_apartments" time="0.001" /><testcase classname="tests.test_phase4_school_zone" name="test_keep_raw_text" time="0.001" /><testcase classname="tests.test_phase4_school_zone" name="test_partial_parse_flag" time="0.001" /><testcase classname="tests.test_phase4_school_zone" name="test_manual_review_flag" time="0.001" /><testcase classname="tests.test_phase4_school_zone" name="test_school_group_many_to_many" time="0.015" /><testcase classname="tests.test_phase4_school_zone" name="test_data_year_mismatch" time="0.002" /><testcase classname="tests.test_phase4_school_zone" name="test_centum_elementary_fixture" time="0.027" /><testcase classname="tests.test_phase5" name="test_complex_name_normalization" time="0.004" /><testcase classname="tests.test_phase5" name="test_complex_name_phase_variants" time="0.002" /><testcase classname="tests.test_phase5" name="test_unique_name_address_match" time="0.001" /><testcase classname="tests.test_phase5" name="test_same_name_multiple_candidates" time="0.001" /><testcase classname="tests.test_phase5" name="test_fuzzy_name_not_auto_confirmed" time="0.001" /><testcase classname="tests.test_phase5" name="test_contextual_match_requires_evidence" time="0.001" /><testcase classname="tests.test_phase5" name="test_manual_override_priority" time="0.109" /><testcase classname="tests.test_phase5" name="test_address_support_required" time="0.001" /><testcase classname="tests.test_phase5" name="test_distance_not_assignment_evidence" time="0.119" /><testcase classname="tests.test_phase5" name="test_spatial_outlier" time="0.136" /><testcase classname="tests.test_phase5" name="test_500_household_filter_only_view" time="0.002" /><testcase classname="tests.test_phase5" name="test_group_only_not_exact" time="0.015" /><testcase classname="tests.test_phase5" name="test_conditional_not_guaranteed_not_exact" time="0.016" /><testcase classname="tests.test_phase5" name="test_middle_score_join_does_not_imply_assignment" time="0.016" /><testcase classname="tests.test_phase5" name="test_centum_elementary_apartment_fixture" time="0.004" /><testcase classname="tests.test_phase5" name="test_centum_middle_not_hardcoded" time="0.030" /><testcase classname="tests.test_phase5" name="test_override_missing_evidence_rejected" time="0.003" /><testcase classname="tests.test_phase5" name="test_alias_is_not_confirmed" time="0.003" /><testcase classname="tests.test_phase5" name="test_override_missing_target_rejected" time="0.023" /><testcase classname="tests.test_phase5" name="test_all_seven_reviews_preserved" time="0.008" /><testcase classname="tests.test_phase5" name="test_no_viable_candidate_has_no_selected_id" time="0.125" /><testcase classname="tests.test_phase5" name="test_override_without_auto_candidate_and_refresh_fields" time="0.131" /><testcase classname="tests.test_phase5" name="test_conflicting_overrides_fail_closed" time="0.006" /><testcase classname="tests.test_phase5" name="test_year_mismatch_rejected" time="0.002" /><testcase classname="tests.test_phase5" name="test_streamlit_validation_screen" time="2.570" /><testcase classname="tests.test_phase6" name="test_tong_discrete_list" time="0.002" /><testcase classname="tests.test_phase6" name="test_tong_range_exclusion" time="0.002" /><testcase classname="tests.test_phase6" name="test_ban_range_exclusion" time="0.003" /><testcase classname="tests.test_phase6" name="test_lot_number" time="0.002" /><testcase classname="tests.test_phase6" name="test_lot_range" time="0.002" /><testcase classname="tests.test_phase6" name="test_lot_exclusion" time="0.002" /><testcase classname="tests.test_phase6" name="test_boundary_exclude_priority" time="0.004" /><testcase classname="tests.test_phase6" name="test_parenthesisless_apartment_clause" time="0.002" /><testcase classname="tests.test_phase6" name="test_parenthesisless_ambiguous_review" time="0.003" /><testcase classname="tests.test_phase6" name="test_brand_alias_not_confirmation" time="0.003" /><testcase classname="tests.test_phase6" name="test_phase_difference" time="0.002" /><testcase classname="tests.test_phase6" name="test_school_name_to_id" time="0.006" /><testcase classname="tests.test_phase6" name="test_duplicate_school_name" time="0.005" /><testcase classname="tests.test_phase6" name="test_school_id_score_join" time="0.005" /><testcase classname="tests.test_phase6" name="test_school_name_not_score_join" time="0.006" /><testcase classname="tests.test_phase6" name="test_pdf_header_detection" time="0.001" /><testcase classname="tests.test_phase6" name="test_pdf_dynamic_column_order" time="0.002" /><testcase classname="tests.test_phase6" name="test_pdf_unknown_structure_review" time="0.002" /><testcase classname="tests.test_phase6" name="test_school_group_year_unknown" time="0.002" /><testcase classname="tests.test_phase6" name="test_group_membership_not_exact" time="0.001" /><testcase classname="tests.test_phase6" name="test_office_adapter_interface" time="0.002" /><testcase classname="tests.test_phase6" name="test_five_office_fixture" time="0.002" /><testcase classname="tests.test_phase6" name="test_historical_address_flag" time="0.003" /><testcase classname="tests.test_phase6" name="test_spatial_admin_validation" time="0.002" /><testcase classname="tests.test_phase6" name="test_school_year_detection" time="0.002" /><testcase classname="tests.test_phase6" name="test_admin_legal_crosswalk" time="0.613" /><testcase classname="tests.test_phase6" name="test_admin_legal_many_to_many" time="0.060" /><testcase classname="tests.test_school_collection" name="test_complete_collection_and_cache_reuse_without_key" time="0.782" /><testcase classname="tests.test_school_collection" name="test_partial_failure_preserves_published_output" time="1.487" /><testcase classname="tests.test_school_collection" name="test_historical_collection_never_downloads_current_data" time="0.023" /><testcase classname="tests.test_school_collection" name="test_tampered_cache_rejected" time="0.620" /><testcase classname="tests.test_school_collection" name="test_live_schema_and_scope_must_match[change0]" time="0.002" /><testcase classname="tests.test_school_collection" name="test_live_schema_and_scope_must_match[change1]" time="0.002" /><testcase classname="tests.test_school_collection" name="test_live_schema_and_scope_must_match[change2]" time="0.002" /><testcase classname="tests.test_school_collection" name="test_missing_fields_are_not_invented" time="0.003" /><testcase classname="tests.test_school_collection" name="test_http_exception_does_not_leak_key" time="0.001" /><testcase classname="tests.test_school_collection" name="test_geocode_caches_shared_address_and_preserves_provenance" time="0.545" /><testcase classname="tests.test_school_collection" name="test_geocode_failure_is_cached_and_reported" time="0.494" /><testcase classname="tests.test_schoolzone" name="test_schoolzone_collector_writes_and_verifies_cache" time="0.049" /><testcase classname="tests.test_schoolzone" name="test_schoolzone_internal_id_uses_unique_name_across_office_boundary" time="0.010" /><testcase classname="tests.test_schoolzone" name="test_schoolzone_boundary_match_preserves_shared_school_relations" time="0.051" /></testsuite></testsuites>